<?xml version="1.0" encoding="UTF-8"?>
<testng-results ignored="2" total="4" passed="2" failed="0" skipped="0">
  <reporter-output>
    <line>
      <![CDATA['My Store' e-commerce site application URL is opened/launched]]>
    </line>
    <line>
      <![CDATA[New user needs to be registered on the site - Click on the Sign in link]]>
    </line>
    <line>
      <![CDATA[Clicked on the Sign In link present on the Home Page]]>
    </line>
    <line>
      <![CDATA[The authentication page appears after clicking on Sign In link]]>
    </line>
    <line>
      <![CDATA[Entered email address for creating an account for new user]]>
    </line>
    <line>
      <![CDATA[Create an Account button is clicked]]>
    </line>
    <line>
      <![CDATA[The authentication create an account page for new user appears after clicking on 'Create An Account' button]]>
    </line>
  </reporter-output>
  <suite started-at="2020-08-20T14:37:13 IST" name="Suite" finished-at="2020-08-20T14:37:55 IST" duration-ms="42457">
    <groups>
    </groups>
    <test started-at="2020-08-20T14:37:13 IST" name="NewTest" finished-at="2020-08-20T14:37:55 IST" duration-ms="42457">
      <class name="com.SeleniumDemoProject.Test.TestClass">
        <test-method is-config="true" signature="beforeTest()[pri:0, instance:com.SeleniumDemoProject.Test.TestClass@6293abcc]" started-at="2020-08-20T14:37:13 IST" name="beforeTest" finished-at="2020-08-20T14:37:13 IST" duration-ms="134" status="PASS">
          <reporter-output>
          </reporter-output>
        </test-method> <!-- beforeTest -->
        <test-method is-config="true" signature="beforeClass()[pri:0, instance:com.SeleniumDemoProject.Test.TestClass@6293abcc]" started-at="2020-08-20T14:37:13 IST" name="beforeClass" finished-at="2020-08-20T14:37:19 IST" duration-ms="6189" status="PASS">
          <reporter-output>
          </reporter-output>
        </test-method> <!-- beforeClass -->
        <test-method is-config="true" signature="beforeMethod()[pri:0, instance:com.SeleniumDemoProject.Test.TestClass@6293abcc]" started-at="2020-08-20T14:37:19 IST" name="beforeMethod" finished-at="2020-08-20T14:37:19 IST" duration-ms="1" status="PASS">
          <reporter-output>
          </reporter-output>
        </test-method> <!-- beforeMethod -->
        <test-method signature="launchApp()[pri:0, instance:com.SeleniumDemoProject.Test.TestClass@6293abcc]" started-at="2020-08-20T14:37:19 IST" name="launchApp" finished-at="2020-08-20T14:37:33 IST" duration-ms="13521" status="PASS">
          <reporter-output>
            <line>
              <![CDATA['My Store' e-commerce site application URL is opened/launched]]>
            </line>
          </reporter-output>
        </test-method> <!-- launchApp -->
        <test-method is-config="true" signature="afterMethod()[pri:0, instance:com.SeleniumDemoProject.Test.TestClass@6293abcc]" started-at="2020-08-20T14:37:33 IST" name="afterMethod" finished-at="2020-08-20T14:37:33 IST" duration-ms="0" status="PASS">
          <reporter-output>
          </reporter-output>
        </test-method> <!-- afterMethod -->
        <test-method signature="newUserRegistrationInApp()[pri:0, instance:com.SeleniumDemoProject.Test.TestClass@6293abcc]" started-at="2020-08-20T14:37:33 IST" name="newUserRegistrationInApp" finished-at="2020-08-20T14:37:54 IST" depends-on-methods="com.SeleniumDemoProject.Test.TestClass.launchApp" duration-ms="21330" status="PASS">
          <reporter-output>
            <line>
              <![CDATA[New user needs to be registered on the site - Click on the Sign in link]]>
            </line>
            <line>
              <![CDATA[Clicked on the Sign In link present on the Home Page]]>
            </line>
            <line>
              <![CDATA[The authentication page appears after clicking on Sign In link]]>
            </line>
            <line>
              <![CDATA[Entered email address for creating an account for new user]]>
            </line>
            <line>
              <![CDATA[Create an Account button is clicked]]>
            </line>
            <line>
              <![CDATA[The authentication create an account page for new user appears after clicking on 'Create An Account' button]]>
            </line>
          </reporter-output>
        </test-method> <!-- newUserRegistrationInApp -->
        <test-method is-config="true" signature="beforeMethod()[pri:0, instance:com.SeleniumDemoProject.Test.TestClass@6293abcc]" started-at="2020-08-20T14:37:33 IST" name="beforeMethod" finished-at="2020-08-20T14:37:33 IST" duration-ms="0" status="PASS">
          <reporter-output>
          </reporter-output>
        </test-method> <!-- beforeMethod -->
        <test-method is-config="true" signature="afterMethod()[pri:0, instance:com.SeleniumDemoProject.Test.TestClass@6293abcc]" started-at="2020-08-20T14:37:54 IST" name="afterMethod" finished-at="2020-08-20T14:37:54 IST" duration-ms="0" status="PASS">
          <reporter-output>
          </reporter-output>
        </test-method> <!-- afterMethod -->
        <test-method is-config="true" signature="afterClass()[pri:0, instance:com.SeleniumDemoProject.Test.TestClass@6293abcc]" started-at="2020-08-20T14:37:54 IST" name="afterClass" finished-at="2020-08-20T14:37:55 IST" duration-ms="949" status="PASS">
          <reporter-output>
          </reporter-output>
        </test-method> <!-- afterClass -->
        <test-method is-config="true" signature="afterTest()[pri:0, instance:com.SeleniumDemoProject.Test.TestClass@6293abcc]" started-at="2020-08-20T14:37:55 IST" name="afterTest" finished-at="2020-08-20T14:37:55 IST" duration-ms="269" status="PASS">
          <reporter-output>
          </reporter-output>
        </test-method> <!-- afterTest -->
      </class> <!-- com.SeleniumDemoProject.Test.TestClass -->
    </test> <!-- NewTest -->
  </suite> <!-- Suite -->
</testng-results>
