<?xml version="1.0" encoding="UTF-8"?>
<!-- Generated by org.testng.reporters.JUnitXMLReporter -->
<testsuite ignored="2" hostname="LAPTOP-4NGN59UM" failures="0" tests="2" name="NewTest" time="42.457" errors="0" timestamp="2020-08-20T14:37:55 IST">
  <testcase classname="com.SeleniumDemoProject.Test.TestClass" name="launchApp" time="13.521"/>
  <testcase classname="com.SeleniumDemoProject.Test.TestClass" name="newUserRegistrationInApp" time="21.33"/>
  <testcase classname="com.SeleniumDemoProject.Test.TestClass" name="searchAProduct" time="0.0">
    <ignored/>
  </testcase> <!-- searchAProduct -->
  <testcase classname="com.SeleniumDemoProject.Test.TestClass" name="timeToLoadHomePage" time="0.0">
    <ignored/>
  </testcase> <!-- timeToLoadHomePage -->
</testsuite> <!-- NewTest -->
